<?xml version="1.0" encoding="UTF-8"?>
<!-- Generated by org.testng.reporters.JUnitReportReporter -->
<testsuite hostname="users-MBP" failures="0" tests="3" name="test.Day2" time="0.004" errors="0" timestamp="2023-02-04T12:11:41 WAT" skipped="0">
  <testcase classname="test.Day2" name="demo2" time="0.001"/>
  <system-out/>
  <testcase classname="test.Day2" name="demo4" time="0.002"/>
  <system-out/>
  <testcase classname="test.Day2" name="demo1" time="0.001"/>
  <system-out/>
</testsuite> <!-- test.Day2 -->
