<?xml version="1.0" encoding="UTF-8"?>
<!-- Generated by org.testng.reporters.JUnitReportReporter -->
<testsuite hostname="users-MBP" failures="0" tests="3" name="test.DataProviderAnnotation" time="0.013" errors="0" timestamp="2023-02-04T12:11:41 WAT" skipped="0">
  <testcase classname="test.DataProviderAnnotation" name="MobileSignIn" time="0.011"/>
  <system-out/>
  <testcase classname="test.DataProviderAnnotation" name="MobileSignIn" time="0.001"/>
  <system-out/>
  <testcase classname="test.DataProviderAnnotation" name="MobileSignIn" time="0.001"/>
  <system-out/>
</testsuite> <!-- test.DataProviderAnnotation -->
