<?xml version="1.0" encoding="UTF-8"?>
<!-- Generated by org.testng.reporters.JUnitReportReporter -->
<testsuite hostname="users-MBP" failures="0" tests="4" name="test.Day1" time="0.002" errors="0" timestamp="2023-02-04T12:11:41 WAT" skipped="2">
  <testcase classname="test.Day1" name="demo1" time="0.001"/>
  <system-out/>
  <testcase classname="test.Day1" name="demo6" time="0.001"/>
  <system-out/>
  <testcase classname="test.Day1" name="demo5">
    <skipped/>
  </testcase> <!-- demo5 -->
  <system-out/>
  <testcase classname="test.Day1" name="demo4">
    <skipped/>
  </testcase> <!-- demo4 -->
  <system-out/>
</testsuite> <!-- test.Day1 -->
