<?xml version="1.0" encoding="UTF-8"?>
<!-- Generated by org.testng.reporters.JUnitReportReporter -->
<testsuite hostname="users-MacBook-Pro.local" name="cucumber.TestNGTestRunner" tests="1" failures="0" timestamp="3 Apr 2023 16:40:07 GMT" time="62.224" errors="0">
  <testcase name="runScenario" time="62.224" classname="cucumber.TestNGTestRunner"/>
</testsuite> <!-- cucumber.TestNGTestRunner -->
