<?xml version="1.0" encoding="UTF-8"?>
<!-- Generated by org.testng.reporters.JUnitReportReporter -->
<testsuite hostname="users-MBP" failures="0" tests="3" name="greenmouse.tests.SubmitOrderTest" time="46.764" errors="0" timestamp="2023-04-03T17:49:04 WAT" skipped="0">
  <testcase classname="greenmouse.tests.SubmitOrderTest" name="submitOrder" time="16.698"/>
  <system-out/>
  <testcase classname="greenmouse.tests.SubmitOrderTest" name="OderHistoryTest" time="14.146"/>
  <system-out/>
  <testcase classname="greenmouse.tests.SubmitOrderTest" name="submitOrder" time="15.920"/>
  <system-out/>
</testsuite> <!-- greenmouse.tests.SubmitOrderTest -->
