<?xml version="1.0" encoding="UTF-8"?>
<!-- Generated by org.testng.reporters.JUnitReportReporter -->
<testsuite hostname="users-MBP" failures="0" tests="1" name="cucumber.TestNGTestRunner" time="15.409" errors="0" timestamp="2023-04-03T17:56:27 WAT" skipped="0">
  <testcase classname="cucumber.TestNGTestRunner" name="runScenario" time="15.409"/>
  <system-out/>
</testsuite> <!-- cucumber.TestNGTestRunner -->
